<aetgt:getResponse xmlns:aetgt="http://schemas.active-endpoints.com/appmodules/repository/2010/10/avrepository.xsd"
                   xmlns:types1="http://schemas.active-endpoints.com/appmodules/repository/2010/10/avrepository.xsd">
   <types1:Item>
      <types1:EntryId>tRJi4tciSrZMSPf-gt-9776841-2020-09-02T16:43:33.311Z::pd.xml</types1:EntryId>
      <types1:Name>Test-IPD</types1:Name>
      <types1:MimeType>application/xml+process</types1:MimeType>
      <types1:Description/>
      <types1:AppliesTo/>
      <types1:Tags>.agent:SecureAgentGroup,.anonymous</types1:Tags>
      <types1:VersionLabel>1.0</types1:VersionLabel>
      <types1:State>CURRENT</types1:State>
      <types1:ProcessGroup/>
      <types1:CreatedBy>basav1@iics.com</types1:CreatedBy>
      <types1:CreationDate>2020-09-02T16:43:33Z</types1:CreationDate>
      <types1:ModifiedBy>basav1@iics.com</types1:ModifiedBy>
      <types1:ModificationDate>2020-09-02T16:59:50Z</types1:ModificationDate>
      <types1:PublicationStatus>published</types1:PublicationStatus>
      <types1:PublishedBy>basav1@iics.com</types1:PublishedBy>
      <types1:PublicationDate>2020-09-02T16:59:55Z</types1:PublicationDate>
      <types1:PublishedContributionId>project:/spi.Test-IPD/Test-IPD.pd.xml</types1:PublishedContributionId>
      <types1:AutosaveExists>false</types1:AutosaveExists>
      <types1:Entry>
         <process xmlns="http://schemas.active-endpoints.com/appmodules/screenflow/2010/10/avosScreenflow.xsd"
                  xmlns:list="urn:activevos:spi:list:functions"
                  displayName="Test-IPD"
                  name="Test-IPD"
                  overrideAPIName="false">
            <appliesTo/>
            <description/>
            <tags>.agent:SecureAgentGroup,.anonymous</tags>
            <generator>Informatica Process Designer 11</generator>
            <input>
               <parameter description="" name="Request" type="xml">
                  <options>
                     <option name="required">false</option>
                  </options>
               </parameter>
            </input>
            <output>
               <field description="" name="PID" type="string">
                  <options>
                     <option name="required">false</option>
                  </options>
               </field>
            </output>
            <notes/>
            <deployment suspendOnFault="false" tracingLevel="verbose">
               <targetLocation>SecureAgentGroup</targetLocation>
               <rest>
                  <allowAnonymousAccess/>
                  <wholePayload inputWholePayload="true"/>
               </rest>
            </deployment>
            <flow id="a">
               <start id="b">
                  <link id="kelm0dn6" targetId="kelm0dn5"/>
               </start>
               <assignment id="kelm0dn5">
                  <title>Assignment to PID</title>
                  <operation source="formula" to="output.PID">
                     <expression language="XQuery">util:getProcessId()</expression>
                  </operation>
                  <link id="kelm0dn7" targetId="c"/>
               </assignment>
               <end id="c"/>
            </flow>
         </process>
      </types1:Entry>
      <types1:GUID>jQ6ysj5ze8GfNl4Kjf8bYQ</types1:GUID>
      <types1:DisplayName>Test-IPD</types1:DisplayName>
   </types1:Item>
   <types1:CurrentServerDateTime>2021-05-05T20:36:35.226Z</types1:CurrentServerDateTime>
</aetgt:getResponse>
